<?xml version="1.0" encoding="UTF-8"?>
<testsuite xmlns:xsi="http://www.w3.org/2001/XMLSchema-instance" xsi:noNamespaceSchemaLocation="https://maven.apache.org/surefire/maven-surefire-plugin/xsd/surefire-test-report-3.0.xsd" version="3.0" name="TestSuite" time="233.576" tests="12" errors="0" skipped="0" failures="2">
  <properties>
    <property name="java.specification.version" value="13"/>
    <property name="webdriver.chrome.driver" value="C:\Users\Fabricio\eclipse-workspace\YourLogo\src\main\java\driversource\chromedriver.exe"/>
    <property name="sun.cpu.isalist" value="amd64"/>
    <property name="sun.jnu.encoding" value="Cp1252"/>
    <property name="java.class.path" value="C:\Users\Fabricio\eclipse-workspace\YourLogo\target\test-classes;C:\Users\Fabricio\eclipse-workspace\YourLogo\target\classes;C:\Users\Fabricio\.m2\repository\org\seleniumhq\selenium\selenium-java\3.141.59\selenium-java-3.141.59.jar;C:\Users\Fabricio\.m2\repository\org\seleniumhq\selenium\selenium-api\3.141.59\selenium-api-3.141.59.jar;C:\Users\Fabricio\.m2\repository\org\seleniumhq\selenium\selenium-chrome-driver\3.141.59\selenium-chrome-driver-3.141.59.jar;C:\Users\Fabricio\.m2\repository\org\seleniumhq\selenium\selenium-edge-driver\3.141.59\selenium-edge-driver-3.141.59.jar;C:\Users\Fabricio\.m2\repository\org\seleniumhq\selenium\selenium-firefox-driver\3.141.59\selenium-firefox-driver-3.141.59.jar;C:\Users\Fabricio\.m2\repository\org\seleniumhq\selenium\selenium-ie-driver\3.141.59\selenium-ie-driver-3.141.59.jar;C:\Users\Fabricio\.m2\repository\org\seleniumhq\selenium\selenium-opera-driver\3.141.59\selenium-opera-driver-3.141.59.jar;C:\Users\Fabricio\.m2\repository\org\seleniumhq\selenium\selenium-remote-driver\3.141.59\selenium-remote-driver-3.141.59.jar;C:\Users\Fabricio\.m2\repository\org\seleniumhq\selenium\selenium-safari-driver\3.141.59\selenium-safari-driver-3.141.59.jar;C:\Users\Fabricio\.m2\repository\org\seleniumhq\selenium\selenium-support\3.141.59\selenium-support-3.141.59.jar;C:\Users\Fabricio\.m2\repository\net\bytebuddy\byte-buddy\1.8.15\byte-buddy-1.8.15.jar;C:\Users\Fabricio\.m2\repository\org\apache\commons\commons-exec\1.3\commons-exec-1.3.jar;C:\Users\Fabricio\.m2\repository\com\google\guava\guava\25.0-jre\guava-25.0-jre.jar;C:\Users\Fabricio\.m2\repository\com\google\code\findbugs\jsr305\1.3.9\jsr305-1.3.9.jar;C:\Users\Fabricio\.m2\repository\org\checkerframework\checker-compat-qual\2.0.0\checker-compat-qual-2.0.0.jar;C:\Users\Fabricio\.m2\repository\com\google\errorprone\error_prone_annotations\2.1.3\error_prone_annotations-2.1.3.jar;C:\Users\Fabricio\.m2\repository\com\google\j2objc\j2objc-annotations\1.1\j2objc-annotations-1.1.jar;C:\Users\Fabricio\.m2\repository\org\codehaus\mojo\animal-sniffer-annotations\1.14\animal-sniffer-annotations-1.14.jar;C:\Users\Fabricio\.m2\repository\com\squareup\okhttp3\okhttp\3.11.0\okhttp-3.11.0.jar;C:\Users\Fabricio\.m2\repository\com\squareup\okio\okio\1.14.0\okio-1.14.0.jar;C:\Users\Fabricio\.m2\repository\org\testng\testng\6.8\testng-6.8.jar;C:\Users\Fabricio\.m2\repository\junit\junit\4.10\junit-4.10.jar;C:\Users\Fabricio\.m2\repository\org\beanshell\bsh\2.0b4\bsh-2.0b4.jar;C:\Users\Fabricio\.m2\repository\com\beust\jcommander\1.27\jcommander-1.27.jar;C:\Users\Fabricio\.m2\repository\org\yaml\snakeyaml\1.6\snakeyaml-1.6.jar;C:\Users\Fabricio\.m2\repository\commons-io\commons-io\2.6\commons-io-2.6.jar;C:\Users\Fabricio\.m2\repository\ru\yandex\qatools\ashot\ashot\1.5.4\ashot-1.5.4.jar;C:\Users\Fabricio\.m2\repository\com\google\code\gson\gson\2.6.2\gson-2.6.2.jar;C:\Users\Fabricio\.m2\repository\org\hamcrest\hamcrest-core\1.3\hamcrest-core-1.3.jar;"/>
    <property name="java.vm.vendor" value="Oracle Corporation"/>
    <property name="sun.arch.data.model" value="64"/>
    <property name="user.variant" value=""/>
    <property name="java.vendor.url" value="https://java.oracle.com/"/>
    <property name="user.timezone" value="America/Sao_Paulo"/>
    <property name="os.name" value="Windows 10"/>
    <property name="java.vm.specification.version" value="13"/>
    <property name="sun.java.launcher" value="SUN_STANDARD"/>
    <property name="user.country" value="BR"/>
    <property name="sun.boot.library.path" value="C:\Program Files\Java\jdk-13.0.2\bin"/>
    <property name="sun.java.command" value="C:\Users\Fabricio\AppData\Local\Temp\surefire15923858520008121672\surefirebooter698935753106115872.jar C:\Users\Fabricio\AppData\Local\Temp\surefire15923858520008121672 2020-05-17T17-31-45_232-jvmRun1 surefire2197799204407879631tmp surefire_012140144021297811085tmp"/>
    <property name="jdk.debug" value="release"/>
    <property name="surefire.test.class.path" value="C:\Users\Fabricio\eclipse-workspace\YourLogo\target\test-classes;C:\Users\Fabricio\eclipse-workspace\YourLogo\target\classes;C:\Users\Fabricio\.m2\repository\org\seleniumhq\selenium\selenium-java\3.141.59\selenium-java-3.141.59.jar;C:\Users\Fabricio\.m2\repository\org\seleniumhq\selenium\selenium-api\3.141.59\selenium-api-3.141.59.jar;C:\Users\Fabricio\.m2\repository\org\seleniumhq\selenium\selenium-chrome-driver\3.141.59\selenium-chrome-driver-3.141.59.jar;C:\Users\Fabricio\.m2\repository\org\seleniumhq\selenium\selenium-edge-driver\3.141.59\selenium-edge-driver-3.141.59.jar;C:\Users\Fabricio\.m2\repository\org\seleniumhq\selenium\selenium-firefox-driver\3.141.59\selenium-firefox-driver-3.141.59.jar;C:\Users\Fabricio\.m2\repository\org\seleniumhq\selenium\selenium-ie-driver\3.141.59\selenium-ie-driver-3.141.59.jar;C:\Users\Fabricio\.m2\repository\org\seleniumhq\selenium\selenium-opera-driver\3.141.59\selenium-opera-driver-3.141.59.jar;C:\Users\Fabricio\.m2\repository\org\seleniumhq\selenium\selenium-remote-driver\3.141.59\selenium-remote-driver-3.141.59.jar;C:\Users\Fabricio\.m2\repository\org\seleniumhq\selenium\selenium-safari-driver\3.141.59\selenium-safari-driver-3.141.59.jar;C:\Users\Fabricio\.m2\repository\org\seleniumhq\selenium\selenium-support\3.141.59\selenium-support-3.141.59.jar;C:\Users\Fabricio\.m2\repository\net\bytebuddy\byte-buddy\1.8.15\byte-buddy-1.8.15.jar;C:\Users\Fabricio\.m2\repository\org\apache\commons\commons-exec\1.3\commons-exec-1.3.jar;C:\Users\Fabricio\.m2\repository\com\google\guava\guava\25.0-jre\guava-25.0-jre.jar;C:\Users\Fabricio\.m2\repository\com\google\code\findbugs\jsr305\1.3.9\jsr305-1.3.9.jar;C:\Users\Fabricio\.m2\repository\org\checkerframework\checker-compat-qual\2.0.0\checker-compat-qual-2.0.0.jar;C:\Users\Fabricio\.m2\repository\com\google\errorprone\error_prone_annotations\2.1.3\error_prone_annotations-2.1.3.jar;C:\Users\Fabricio\.m2\repository\com\google\j2objc\j2objc-annotations\1.1\j2objc-annotations-1.1.jar;C:\Users\Fabricio\.m2\repository\org\codehaus\mojo\animal-sniffer-annotations\1.14\animal-sniffer-annotations-1.14.jar;C:\Users\Fabricio\.m2\repository\com\squareup\okhttp3\okhttp\3.11.0\okhttp-3.11.0.jar;C:\Users\Fabricio\.m2\repository\com\squareup\okio\okio\1.14.0\okio-1.14.0.jar;C:\Users\Fabricio\.m2\repository\org\testng\testng\6.8\testng-6.8.jar;C:\Users\Fabricio\.m2\repository\junit\junit\4.10\junit-4.10.jar;C:\Users\Fabricio\.m2\repository\org\beanshell\bsh\2.0b4\bsh-2.0b4.jar;C:\Users\Fabricio\.m2\repository\com\beust\jcommander\1.27\jcommander-1.27.jar;C:\Users\Fabricio\.m2\repository\org\yaml\snakeyaml\1.6\snakeyaml-1.6.jar;C:\Users\Fabricio\.m2\repository\commons-io\commons-io\2.6\commons-io-2.6.jar;C:\Users\Fabricio\.m2\repository\ru\yandex\qatools\ashot\ashot\1.5.4\ashot-1.5.4.jar;C:\Users\Fabricio\.m2\repository\com\google\code\gson\gson\2.6.2\gson-2.6.2.jar;C:\Users\Fabricio\.m2\repository\org\hamcrest\hamcrest-core\1.3\hamcrest-core-1.3.jar;"/>
    <property name="sun.cpu.endian" value="little"/>
    <property name="user.home" value="C:\Users\Fabricio"/>
    <property name="user.language" value="pt"/>
    <property name="java.specification.vendor" value="Oracle Corporation"/>
    <property name="java.version.date" value="2020-01-14"/>
    <property name="java.home" value="C:\Program Files\Java\jdk-13.0.2"/>
    <property name="file.separator" value="\"/>
    <property name="basedir" value="C:\Users\Fabricio\eclipse-workspace\YourLogo"/>
    <property name="java.vm.compressedOopsMode" value="32-bit"/>
    <property name="line.separator" value="&#10;"/>
    <property name="java.vm.specification.vendor" value="Oracle Corporation"/>
    <property name="java.specification.name" value="Java Platform API Specification"/>
    <property name="surefire.real.class.path" value="C:\Users\Fabricio\AppData\Local\Temp\surefire15923858520008121672\surefirebooter698935753106115872.jar"/>
    <property name="user.script" value=""/>
    <property name="sun.management.compiler" value="HotSpot 64-Bit Tiered Compilers"/>
    <property name="java.runtime.version" value="13.0.2+8"/>
    <property name="user.name" value="Fabricio"/>
    <property name="path.separator" value=";"/>
    <property name="os.version" value="10.0"/>
    <property name="java.runtime.name" value="Java(TM) SE Runtime Environment"/>
    <property name="file.encoding" value="Cp1252"/>
    <property name="java.vm.name" value="Java HotSpot(TM) 64-Bit Server VM"/>
    <property name="localRepository" value="C:\Users\Fabricio\.m2\repository"/>
    <property name="java.vendor.url.bug" value="https://bugreport.java.com/bugreport/"/>
    <property name="java.io.tmpdir" value="C:\Users\Fabricio\AppData\Local\Temp\"/>
    <property name="java.version" value="13.0.2"/>
    <property name="user.dir" value="C:\Users\Fabricio\eclipse-workspace\YourLogo"/>
    <property name="os.arch" value="amd64"/>
    <property name="java.vm.specification.name" value="Java Virtual Machine Specification"/>
    <property name="sun.os.patch.level" value=""/>
    <property name="java.library.path" value="C:\Program Files\Java\jdk-13.0.2\bin;C:\Windows\Sun\Java\bin;C:\Windows\system32;C:\Windows;C:\app\Fabricio\product\18.0.0\dbhomeXE\bin;C:\Program Files (x86)\Common Files\Oracle\Java\javapath;C:\Windows\system32;C:\Windows;C:\Windows\System32\Wbem;C:\Windows\System32\WindowsPowerShell\v1.0\;C:\Windows\System32\OpenSSH\;C:\Program Files\Intel\WiFi\bin\;C:\Program Files\Common Files\Intel\WirelessCommon\;C:\Program Files\Common Files\Autodesk Shared\;C:\Program Files\Microsoft SQL Server\120\Tools\Binn\;C:\xampp\php;C:\ProgramData\ComposerSetup\bin;C:\Program Files\Git\cmd;C:\Users\Fabricio\AppData\Local\Android\Sdk\platform-tools;C:\Program Files\nodejs\;C:\Program Files\nodejs\node_modules\npm\bin;C:\Maven\apache-maven-3.6.3\bin;C:\Program Files\Java\jdk-13.0.2\bin;C:\Program Files\dotnet\;C:\Program Files\NVIDIA Corporation\NVIDIA NvDLISR;C:\Program Files (x86)\NVIDIA Corporation\PhysX\Common;C:\Program Files\Java\jdk-13.0.2\bin;C:\Users\Fabricio\AppData\Roaming\Composer\vendor\bin;C:\Users\Fabricio\AppData\Roaming\npm;."/>
    <property name="java.vm.info" value="mixed mode, sharing"/>
    <property name="java.vendor" value="Oracle Corporation"/>
    <property name="java.vm.version" value="13.0.2+8"/>
    <property name="sun.io.unicode.encoding" value="UnicodeLittle"/>
    <property name="java.class.version" value="57.0"/>
  </properties>
  <testcase name="validaBusca" classname="suitetest.SearchSuiteTest" time="1.96"/>
  <testcase name="validaBuscaComCampoVazio" classname="suitetest.SearchSuiteTest" time="3.779"/>
  <testcase name="validaBuscaComEnter" classname="suitetest.SearchSuiteTest" time="1.925"/>
  <testcase name="validaBuscaComPalavraSemResult" classname="suitetest.SearchSuiteTest" time="2.01"/>
  <testcase name="validaResultadosDaBusca" classname="suitetest.SearchSuiteTest" time="8.761">
    <failure message="expected [false] but found [true]" type="java.lang.AssertionError"><![CDATA[java.lang.AssertionError: expected [false] but found [true]
	at suitetest.SearchSuiteTest.validaResultadosDaBusca(SearchSuiteTest.java:214)
]]></failure>
    <system-err><![CDATA[Starting ChromeDriver 81.0.4044.69 (6813546031a4bc83f717a2ef7cd4ac6ec1199132-refs/branch-heads/4044@{#776}) on port 5472
Only local connections are allowed.
Please protect ports used by ChromeDriver and related test frameworks to prevent access by malicious code.
mai 17, 2020 5:32:50 PM org.openqa.selenium.remote.ProtocolHandshake createSession
INFO: Detected dialect: W3C
[1589747571.401][SEVERE]: Timed out receiving message from renderer: 0.100
[1589747571.502][SEVERE]: Timed out receiving message from renderer: 0.100
[1589747571.603][SEVERE]: Timed out receiving message from renderer: 0.100
[1589747571.705][SEVERE]: Timed out receiving message from renderer: 0.100
[1589747571.806][SEVERE]: Timed out receiving message from renderer: 0.100
[1589747571.907][SEVERE]: Timed out receiving message from renderer: 0.100
[1589747572.009][SEVERE]: Timed out receiving message from renderer: 0.100
[1589747572.110][SEVERE]: Timed out receiving message from renderer: 0.100
[1589747572.211][SEVERE]: Timed out receiving message from renderer: 0.100
[1589747572.313][SEVERE]: Timed out receiving message from renderer: 0.100
[1589747572.417][SEVERE]: Timed out receiving message from renderer: 0.100
[1589747572.518][SEVERE]: Timed out receiving message from renderer: 0.100
[1589747572.620][SEVERE]: Timed out receiving message from renderer: 0.100
[1589747572.722][SEVERE]: Timed out receiving message from renderer: 0.100
[1589747572.824][SEVERE]: Timed out receiving message from renderer: 0.100
[1589747572.942][SEVERE]: Timed out receiving message from renderer: 0.100
[1589747573.044][SEVERE]: Timed out receiving message from renderer: 0.100
[1589747573.145][SEVERE]: Timed out receiving message from renderer: 0.100
[1589747573.246][SEVERE]: Timed out receiving message from renderer: 0.100
[1589747573.347][SEVERE]: Timed out receiving message from renderer: 0.100
[1589747573.448][SEVERE]: Timed out receiving message from renderer: 0.100
[1589747573.550][SEVERE]: Timed out receiving message from renderer: 0.100
[1589747573.665][SEVERE]: Timed out receiving message from renderer: 0.100
[1589747573.776][SEVERE]: Timed out receiving message from renderer: 0.100
[1589747573.877][SEVERE]: Timed out receiving message from renderer: 0.100
[1589747573.981][SEVERE]: Timed out receiving message from renderer: 0.100
[1589747574.083][SEVERE]: Timed out receiving message from renderer: 0.100
[1589747574.184][SEVERE]: Timed out receiving message from renderer: 0.100
[1589747574.285][SEVERE]: Timed out receiving message from renderer: 0.100
[1589747574.387][SEVERE]: Timed out receiving message from renderer: 0.100
[1589747574.494][SEVERE]: Timed out receiving message from renderer: 0.100
[1589747574.595][SEVERE]: Timed out receiving message from renderer: 0.100
[1589747575.044][SEVERE]: Timed out receiving message from renderer: 0.100
[1589747575.147][SEVERE]: Timed out receiving message from renderer: 0.100
[1589747575.248][SEVERE]: Timed out receiving message from renderer: 0.100
[1589747575.350][SEVERE]: Timed out receiving message from renderer: 0.100
[1589747575.457][SEVERE]: Timed out receiving message from renderer: 0.100
[1589747575.600][SEVERE]: Timed out receiving message from renderer: 0.100
[1589747575.703][SEVERE]: Timed out receiving message from renderer: 0.100
[1589747575.810][SEVERE]: Timed out receiving message from renderer: 0.100
[1589747575.913][SEVERE]: Timed out receiving message from renderer: 0.100
[1589747576.022][SEVERE]: Timed out receiving message from renderer: 0.100
[1589747576.123][SEVERE]: Timed out receiving message from renderer: 0.100
[1589747576.229][SEVERE]: Timed out receiving message from renderer: 0.100
[1589747576.350][SEVERE]: Timed out receiving message from renderer: 0.100
[1589747576.451][SEVERE]: Timed out receiving message from renderer: 0.100
[1589747576.552][SEVERE]: Timed out receiving message from renderer: 0.100
[1589747576.653][SEVERE]: Timed out receiving message from renderer: 0.100
[1589747576.755][SEVERE]: Timed out receiving message from renderer: 0.100
[1589747576.856][SEVERE]: Timed out receiving message from renderer: 0.100
[1589747576.957][SEVERE]: Timed out receiving message from renderer: 0.100
[1589747577.058][SEVERE]: Timed out receiving message from renderer: 0.100
[1589747577.159][SEVERE]: Timed out receiving message from renderer: 0.100
[1589747577.260][SEVERE]: Timed out receiving message from renderer: 0.100
[1589747580.567][SEVERE]: Timed out receiving message from renderer: 0.100
[1589747580.668][SEVERE]: Timed out receiving message from renderer: 0.100
[1589747580.769][SEVERE]: Timed out receiving message from renderer: 0.100
[1589747580.870][SEVERE]: Timed out receiving message from renderer: 0.100
[1589747580.972][SEVERE]: Timed out receiving message from renderer: 0.100
[1589747581.076][SEVERE]: Timed out receiving message from renderer: 0.100
[1589747581.182][SEVERE]: Timed out receiving message from renderer: 0.100
[1589747581.283][SEVERE]: Timed out receiving message from renderer: 0.100
[1589747581.386][SEVERE]: Timed out receiving message from renderer: 0.100
[1589747581.488][SEVERE]: Timed out receiving message from renderer: 0.100
[1589747581.589][SEVERE]: Timed out receiving message from renderer: 0.100
[1589747581.690][SEVERE]: Timed out receiving message from renderer: 0.100
]]></system-err>
  </testcase>
  <testcase name="validaInclusaoEExclusaoItens" classname="suitetest.CartSuiteTest" time="15.148"/>
  <testcase name="validaInsercaoDeItem" classname="suitetest.CartSuiteTest" time="8.533"/>
  <testcase name="validaSomaQuantidadeNoCarrinho" classname="suitetest.CartSuiteTest" time="12.035"/>
  <testcase name="validaCadastro" classname="suitetest.SignIn_RegisterSuiteTest" time="13.005">
    <failure message="no such element: Unable to locate element: {&quot;method&quot;:&quot;css selector&quot;,&quot;selector&quot;:&quot;#id_gender1&quot;}&#10;  (Session info: chrome=81.0.4044.138)&#10;For documentation on this error, please visit: https://www.seleniumhq.org/exceptions/no_such_element.html&#10;Build info: version: &apos;3.141.59&apos;, revision: &apos;e82be7d358&apos;, time: &apos;2018-11-14T08:17:03&apos;&#10;System info: host: &apos;DESKTOP-H5ORKGB&apos;, ip: &apos;192.168.209.1&apos;, os.name: &apos;Windows 10&apos;, os.arch: &apos;amd64&apos;, os.version: &apos;10.0&apos;, java.version: &apos;13.0.2&apos;&#10;Driver info: org.openqa.selenium.chrome.ChromeDriver&#10;Capabilities {acceptInsecureCerts: false, browserName: chrome, browserVersion: 81.0.4044.138, chrome: {chromedriverVersion: 81.0.4044.69 (6813546031a4b..., userDataDir: C:\Users\Fabricio\AppData\L...}, goog:chromeOptions: {debuggerAddress: localhost:52579}, javascriptEnabled: true, networkConnectionEnabled: false, pageLoadStrategy: normal, platform: WINDOWS, platformName: WINDOWS, proxy: Proxy(), setWindowRect: true, strictFileInteractability: false, timeouts: {implicit: 0, pageLoad: 300000, script: 30000}, unhandledPromptBehavior: dismiss and notify, webauthn:virtualAuthenticators: true}&#10;Session ID: ad627872089a4d095cad7226ae350af4&#10;*** Element info: {Using=id, value=id_gender1}" type="org.openqa.selenium.NoSuchElementException"><![CDATA[org.openqa.selenium.NoSuchElementException: 
no such element: Unable to locate element: {"method":"css selector","selector":"#id_gender1"}
  (Session info: chrome=81.0.4044.138)
For documentation on this error, please visit: https://www.seleniumhq.org/exceptions/no_such_element.html
Build info: version: '3.141.59', revision: 'e82be7d358', time: '2018-11-14T08:17:03'
System info: host: 'DESKTOP-H5ORKGB', ip: '192.168.209.1', os.name: 'Windows 10', os.arch: 'amd64', os.version: '10.0', java.version: '13.0.2'
Driver info: org.openqa.selenium.chrome.ChromeDriver
Capabilities {acceptInsecureCerts: false, browserName: chrome, browserVersion: 81.0.4044.138, chrome: {chromedriverVersion: 81.0.4044.69 (6813546031a4b..., userDataDir: C:\Users\Fabricio\AppData\L...}, goog:chromeOptions: {debuggerAddress: localhost:52579}, javascriptEnabled: true, networkConnectionEnabled: false, pageLoadStrategy: normal, platform: WINDOWS, platformName: WINDOWS, proxy: Proxy(), setWindowRect: true, strictFileInteractability: false, timeouts: {implicit: 0, pageLoad: 300000, script: 30000}, unhandledPromptBehavior: dismiss and notify, webauthn:virtualAuthenticators: true}
Session ID: ad627872089a4d095cad7226ae350af4
*** Element info: {Using=id, value=id_gender1}
	at suitetest.SignIn_RegisterSuiteTest.validaCadastro(SignIn_RegisterSuiteTest.java:56)
]]></failure>
    <system-err><![CDATA[Starting ChromeDriver 81.0.4044.69 (6813546031a4bc83f717a2ef7cd4ac6ec1199132-refs/branch-heads/4044@{#776}) on port 8530
Only local connections are allowed.
Please protect ports used by ChromeDriver and related test frameworks to prevent access by malicious code.
mai 17, 2020 5:34:24 PM org.openqa.selenium.remote.ProtocolHandshake createSession
INFO: Detected dialect: W3C
[1589747665.553][SEVERE]: Timed out receiving message from renderer: 0.100
[1589747665.654][SEVERE]: Timed out receiving message from renderer: 0.100
[1589747665.756][SEVERE]: Timed out receiving message from renderer: 0.100
[1589747665.857][SEVERE]: Timed out receiving message from renderer: 0.100
[1589747665.963][SEVERE]: Timed out receiving message from renderer: 0.100
[1589747666.064][SEVERE]: Timed out receiving message from renderer: 0.100
[1589747666.166][SEVERE]: Timed out receiving message from renderer: 0.100
[1589747666.268][SEVERE]: Timed out receiving message from renderer: 0.100
[1589747666.370][SEVERE]: Timed out receiving message from renderer: 0.100
[1589747666.471][SEVERE]: Timed out receiving message from renderer: 0.100
[1589747666.572][SEVERE]: Timed out receiving message from renderer: 0.100
[1589747666.673][SEVERE]: Timed out receiving message from renderer: 0.100
[1589747666.775][SEVERE]: Timed out receiving message from renderer: 0.100
[1589747666.877][SEVERE]: Timed out receiving message from renderer: 0.100
[1589747666.980][SEVERE]: Timed out receiving message from renderer: 0.100
[1589747667.082][SEVERE]: Timed out receiving message from renderer: 0.100
[1589747667.185][SEVERE]: Timed out receiving message from renderer: 0.100
[1589747667.286][SEVERE]: Timed out receiving message from renderer: 0.100
[1589747667.386][SEVERE]: Timed out receiving message from renderer: 0.100
[1589747667.589][SEVERE]: Timed out receiving message from renderer: 0.100
[1589747667.691][SEVERE]: Timed out receiving message from renderer: 0.100
[1589747667.792][SEVERE]: Timed out receiving message from renderer: 0.100
[1589747667.899][SEVERE]: Timed out receiving message from renderer: 0.100
[1589747668.000][SEVERE]: Timed out receiving message from renderer: 0.100
[1589747668.103][SEVERE]: Timed out receiving message from renderer: 0.100
[1589747668.206][SEVERE]: Timed out receiving message from renderer: 0.100
[1589747668.307][SEVERE]: Timed out receiving message from renderer: 0.100
[1589747668.471][SEVERE]: Timed out receiving message from renderer: 0.100
[1589747668.572][SEVERE]: Timed out receiving message from renderer: 0.100
[1589747668.673][SEVERE]: Timed out receiving message from renderer: 0.100
[1589747668.811][SEVERE]: Timed out receiving message from renderer: 0.100
[1589747668.912][SEVERE]: Timed out receiving message from renderer: 0.100
[1589747669.355][SEVERE]: Timed out receiving message from renderer: 0.100
[1589747669.466][SEVERE]: Timed out receiving message from renderer: 0.100
[1589747669.597][SEVERE]: Timed out receiving message from renderer: 0.100
[1589747669.701][SEVERE]: Timed out receiving message from renderer: 0.100
[1589747669.804][SEVERE]: Timed out receiving message from renderer: 0.100
[1589747669.907][SEVERE]: Timed out receiving message from renderer: 0.100
[1589747670.011][SEVERE]: Timed out receiving message from renderer: 0.100
[1589747670.113][SEVERE]: Timed out receiving message from renderer: 0.100
[1589747670.228][SEVERE]: Timed out receiving message from renderer: 0.100
[1589747670.331][SEVERE]: Timed out receiving message from renderer: 0.100
[1589747670.432][SEVERE]: Timed out receiving message from renderer: 0.100
[1589747674.670][SEVERE]: Timed out receiving message from renderer: 0.100
[1589747674.774][SEVERE]: Timed out receiving message from renderer: 0.100
[1589747674.876][SEVERE]: Timed out receiving message from renderer: 0.100
[1589747674.978][SEVERE]: Timed out receiving message from renderer: 0.100
[1589747675.079][SEVERE]: Timed out receiving message from renderer: 0.100
]]></system-err>
  </testcase>
  <testcase name="validaLoginEmailInvalido" classname="suitetest.SignIn_RegisterSuiteTest" time="4.21"/>
  <testcase name="validaLoginSenhaIncorreta" classname="suitetest.SignIn_RegisterSuiteTest" time="4.075"/>
  <testcase name="validaLoginValido" classname="suitetest.SignIn_RegisterSuiteTest" time="4.908"/>
</testsuite>