<?xml version="1.0" encoding="UTF-8"?>
<testng-results total="12" passed="10" failed="2" skipped="0">
  <reporter-output>
  </reporter-output>
  <suite started-at="2020-05-17T20:31:48Z" name="Suite" finished-at="2020-05-17T20:35:39Z" duration-ms="231405">
    <groups>
    </groups>
    <test started-at="2020-05-17T20:31:48Z" name="Validando funcionalidades" finished-at="2020-05-17T20:35:39Z" duration-ms="231405">
      <class name="suitetest.CartSuiteTest">
        <test-method is-config="true" signature="iniciaDriver()[pri:0, instance:suitetest.CartSuiteTest@4d465b11]" started-at="2020-05-17T17:33:08Z" name="iniciaDriver" finished-at="2020-05-17T17:33:20Z" duration-ms="11451" status="PASS">
          <reporter-output>
          </reporter-output>
        </test-method> <!-- iniciaDriver -->
        <test-method signature="validaInclusaoEExclusaoItens()[pri:0, instance:suitetest.CartSuiteTest@4d465b11]" started-at="2020-05-17T17:33:20Z" name="validaInclusaoEExclusaoItens" finished-at="2020-05-17T17:33:35Z" duration-ms="15148" status="PASS">
          <reporter-output>
          </reporter-output>
        </test-method> <!-- validaInclusaoEExclusaoItens -->
        <test-method is-config="true" signature="iniciaDriver()[pri:0, instance:suitetest.CartSuiteTest@4d465b11]" started-at="2020-05-17T17:33:35Z" name="iniciaDriver" finished-at="2020-05-17T17:33:46Z" duration-ms="11391" status="PASS">
          <reporter-output>
          </reporter-output>
        </test-method> <!-- iniciaDriver -->
        <test-method signature="validaInsercaoDeItem()[pri:0, instance:suitetest.CartSuiteTest@4d465b11]" started-at="2020-05-17T17:33:46Z" name="validaInsercaoDeItem" finished-at="2020-05-17T17:33:55Z" duration-ms="8533" status="PASS">
          <reporter-output>
          </reporter-output>
        </test-method> <!-- validaInsercaoDeItem -->
        <test-method is-config="true" signature="iniciaDriver()[pri:0, instance:suitetest.CartSuiteTest@4d465b11]" started-at="2020-05-17T17:33:55Z" name="iniciaDriver" finished-at="2020-05-17T17:34:08Z" duration-ms="13177" status="PASS">
          <reporter-output>
          </reporter-output>
        </test-method> <!-- iniciaDriver -->
        <test-method signature="validaSomaQuantidadeNoCarrinho()[pri:0, instance:suitetest.CartSuiteTest@4d465b11]" started-at="2020-05-17T17:34:08Z" name="validaSomaQuantidadeNoCarrinho" finished-at="2020-05-17T17:34:20Z" duration-ms="12034" status="PASS">
          <reporter-output>
          </reporter-output>
        </test-method> <!-- validaSomaQuantidadeNoCarrinho -->
        <test-method is-config="true" signature="fecharNavegadores()[pri:0, instance:suitetest.CartSuiteTest@4d465b11]" started-at="2020-05-17T17:34:20Z" name="fecharNavegadores" finished-at="2020-05-17T17:34:21Z" duration-ms="718" status="PASS">
          <reporter-output>
          </reporter-output>
        </test-method> <!-- fecharNavegadores -->
      </class> <!-- suitetest.CartSuiteTest -->
      <class name="suitetest.SignIn_RegisterSuiteTest">
        <test-method is-config="true" signature="iniciaDriver()[pri:0, instance:suitetest.SignIn_RegisterSuiteTest@383bfa16]" started-at="2020-05-17T17:34:21Z" name="iniciaDriver" finished-at="2020-05-17T17:34:32Z" duration-ms="11279" status="PASS">
          <reporter-output>
          </reporter-output>
        </test-method> <!-- iniciaDriver -->
        <test-method signature="validaCadastro()[pri:0, instance:suitetest.SignIn_RegisterSuiteTest@383bfa16]" started-at="2020-05-17T17:34:32Z" name="validaCadastro" finished-at="2020-05-17T17:34:45Z" duration-ms="13003" status="FAIL">
          <exception class="org.openqa.selenium.NoSuchElementException">
            <message>
              <![CDATA[no such element: Unable to locate element: {"method":"css selector","selector":"#id_gender1"}
  (Session info: chrome=81.0.4044.138)
For documentation on this error, please visit: https://www.seleniumhq.org/exceptions/no_such_element.html
Build info: version: '3.141.59', revision: 'e82be7d358', time: '2018-11-14T08:17:03'
System info: host: 'DESKTOP-H5ORKGB', ip: '192.168.209.1', os.name: 'Windows 10', os.arch: 'amd64', os.version: '10.0', java.version: '13.0.2'
Driver info: org.openqa.selenium.chrome.ChromeDriver
Capabilities {acceptInsecureCerts: false, browserName: chrome, browserVersion: 81.0.4044.138, chrome: {chromedriverVersion: 81.0.4044.69 (6813546031a4b..., userDataDir: C:\Users\Fabricio\AppData\L...}, goog:chromeOptions: {debuggerAddress: localhost:52579}, javascriptEnabled: true, networkConnectionEnabled: false, pageLoadStrategy: normal, platform: WINDOWS, platformName: WINDOWS, proxy: Proxy(), setWindowRect: true, strictFileInteractability: false, timeouts: {implicit: 0, pageLoad: 300000, script: 30000}, unhandledPromptBehavior: dismiss and notify, webauthn:virtualAuthenticators: true}
Session ID: ad627872089a4d095cad7226ae350af4
*** Element info: {Using=id, value=id_gender1}]]>
            </message>
            <full-stacktrace>
              <![CDATA[org.openqa.selenium.NoSuchElementException: no such element: Unable to locate element: {"method":"css selector","selector":"#id_gender1"}
  (Session info: chrome=81.0.4044.138)
For documentation on this error, please visit: https://www.seleniumhq.org/exceptions/no_such_element.html
Build info: version: '3.141.59', revision: 'e82be7d358', time: '2018-11-14T08:17:03'
System info: host: 'DESKTOP-H5ORKGB', ip: '192.168.209.1', os.name: 'Windows 10', os.arch: 'amd64', os.version: '10.0', java.version: '13.0.2'
Driver info: org.openqa.selenium.chrome.ChromeDriver
Capabilities {acceptInsecureCerts: false, browserName: chrome, browserVersion: 81.0.4044.138, chrome: {chromedriverVersion: 81.0.4044.69 (6813546031a4b..., userDataDir: C:\Users\Fabricio\AppData\L...}, goog:chromeOptions: {debuggerAddress: localhost:52579}, javascriptEnabled: true, networkConnectionEnabled: false, pageLoadStrategy: normal, platform: WINDOWS, platformName: WINDOWS, proxy: Proxy(), setWindowRect: true, strictFileInteractability: false, timeouts: {implicit: 0, pageLoad: 300000, script: 30000}, unhandledPromptBehavior: dismiss and notify, webauthn:virtualAuthenticators: true}
Session ID: ad627872089a4d095cad7226ae350af4
*** Element info: {Using=id, value=id_gender1}
	at java.base/jdk.internal.reflect.NativeConstructorAccessorImpl.newInstance0(Native Method)
	at java.base/jdk.internal.reflect.NativeConstructorAccessorImpl.newInstance(NativeConstructorAccessorImpl.java:62)
	at java.base/jdk.internal.reflect.DelegatingConstructorAccessorImpl.newInstance(DelegatingConstructorAccessorImpl.java:45)
	at java.base/java.lang.reflect.Constructor.newInstanceWithCaller(Constructor.java:500)
	at java.base/java.lang.reflect.Constructor.newInstance(Constructor.java:481)
	at org.openqa.selenium.remote.http.W3CHttpResponseCodec.createException(W3CHttpResponseCodec.java:187)
	at org.openqa.selenium.remote.http.W3CHttpResponseCodec.decode(W3CHttpResponseCodec.java:122)
	at org.openqa.selenium.remote.http.W3CHttpResponseCodec.decode(W3CHttpResponseCodec.java:49)
	at org.openqa.selenium.remote.HttpCommandExecutor.execute(HttpCommandExecutor.java:158)
	at org.openqa.selenium.remote.service.DriverCommandExecutor.execute(DriverCommandExecutor.java:83)
	at org.openqa.selenium.remote.RemoteWebDriver.execute(RemoteWebDriver.java:552)
	at org.openqa.selenium.remote.RemoteWebDriver.findElement(RemoteWebDriver.java:323)
	at org.openqa.selenium.remote.RemoteWebDriver.findElementById(RemoteWebDriver.java:372)
	at org.openqa.selenium.By$ById.findElement(By.java:188)
	at org.openqa.selenium.remote.RemoteWebDriver.findElement(RemoteWebDriver.java:315)
	at org.openqa.selenium.support.pagefactory.DefaultElementLocator.findElement(DefaultElementLocator.java:69)
	at org.openqa.selenium.support.pagefactory.internal.LocatingElementHandler.invoke(LocatingElementHandler.java:38)
	at com.sun.proxy.$Proxy10.click(Unknown Source)
	at suitetest.SignIn_RegisterSuiteTest.validaCadastro(SignIn_RegisterSuiteTest.java:56)
	at java.base/jdk.internal.reflect.NativeMethodAccessorImpl.invoke0(Native Method)
	at java.base/jdk.internal.reflect.NativeMethodAccessorImpl.invoke(NativeMethodAccessorImpl.java:62)
	at java.base/jdk.internal.reflect.DelegatingMethodAccessorImpl.invoke(DelegatingMethodAccessorImpl.java:43)
	at java.base/java.lang.reflect.Method.invoke(Method.java:567)
	at org.testng.internal.MethodInvocationHelper.invokeMethod(MethodInvocationHelper.java:80)
	at org.testng.internal.Invoker.invokeMethod(Invoker.java:714)
	at org.testng.internal.Invoker.invokeTestMethod(Invoker.java:901)
	at org.testng.internal.Invoker.invokeTestMethods(Invoker.java:1231)
	at org.testng.internal.TestMethodWorker.invokeTestMethods(TestMethodWorker.java:127)
	at org.testng.internal.TestMethodWorker.run(TestMethodWorker.java:111)
	at org.testng.TestRunner.privateRun(TestRunner.java:767)
	at org.testng.TestRunner.run(TestRunner.java:617)
	at org.testng.SuiteRunner.runTest(SuiteRunner.java:334)
	at org.testng.SuiteRunner.runSequentially(SuiteRunner.java:329)
	at org.testng.SuiteRunner.privateRun(SuiteRunner.java:291)
	at org.testng.SuiteRunner.run(SuiteRunner.java:240)
	at org.testng.SuiteRunnerWorker.runSuite(SuiteRunnerWorker.java:52)
	at org.testng.SuiteRunnerWorker.run(SuiteRunnerWorker.java:86)
	at org.testng.TestNG.runSuitesSequentially(TestNG.java:1198)
	at org.testng.TestNG.runSuitesLocally(TestNG.java:1123)
	at org.testng.TestNG.run(TestNG.java:1031)
	at org.apache.maven.surefire.testng.TestNGExecutor.run(TestNGExecutor.java:283)
	at org.apache.maven.surefire.testng.TestNGXmlTestSuite.execute(TestNGXmlTestSuite.java:75)
	at org.apache.maven.surefire.testng.TestNGProvider.invoke(TestNGProvider.java:120)
	at org.apache.maven.surefire.booter.ForkedBooter.runSuitesInProcess(ForkedBooter.java:377)
	at org.apache.maven.surefire.booter.ForkedBooter.execute(ForkedBooter.java:138)
	at org.apache.maven.surefire.booter.ForkedBooter.run(ForkedBooter.java:465)
	at org.apache.maven.surefire.booter.ForkedBooter.main(ForkedBooter.java:451)
]]>
            </full-stacktrace>
          </exception> <!-- org.openqa.selenium.NoSuchElementException -->
          <reporter-output>
          </reporter-output>
        </test-method> <!-- validaCadastro -->
        <test-method is-config="true" signature="iniciaDriver()[pri:0, instance:suitetest.SignIn_RegisterSuiteTest@383bfa16]" started-at="2020-05-17T17:34:45Z" name="iniciaDriver" finished-at="2020-05-17T17:34:59Z" duration-ms="13651" status="PASS">
          <reporter-output>
          </reporter-output>
        </test-method> <!-- iniciaDriver -->
        <test-method signature="validaLoginEmailInvalido()[pri:0, instance:suitetest.SignIn_RegisterSuiteTest@383bfa16]" started-at="2020-05-17T17:34:59Z" name="validaLoginEmailInvalido" finished-at="2020-05-17T17:35:03Z" duration-ms="4214" status="PASS">
          <reporter-output>
          </reporter-output>
        </test-method> <!-- validaLoginEmailInvalido -->
        <test-method is-config="true" signature="iniciaDriver()[pri:0, instance:suitetest.SignIn_RegisterSuiteTest@383bfa16]" started-at="2020-05-17T17:35:03Z" name="iniciaDriver" finished-at="2020-05-17T17:35:16Z" duration-ms="12545" status="PASS">
          <reporter-output>
          </reporter-output>
        </test-method> <!-- iniciaDriver -->
        <test-method signature="validaLoginSenhaIncorreta()[pri:0, instance:suitetest.SignIn_RegisterSuiteTest@383bfa16]" started-at="2020-05-17T17:35:16Z" name="validaLoginSenhaIncorreta" finished-at="2020-05-17T17:35:20Z" duration-ms="4076" status="PASS">
          <reporter-output>
          </reporter-output>
        </test-method> <!-- validaLoginSenhaIncorreta -->
        <test-method is-config="true" signature="iniciaDriver()[pri:0, instance:suitetest.SignIn_RegisterSuiteTest@383bfa16]" started-at="2020-05-17T17:35:20Z" name="iniciaDriver" finished-at="2020-05-17T17:35:34Z" duration-ms="14138" status="PASS">
          <reporter-output>
          </reporter-output>
        </test-method> <!-- iniciaDriver -->
        <test-method signature="validaLoginValido()[pri:0, instance:suitetest.SignIn_RegisterSuiteTest@383bfa16]" started-at="2020-05-17T17:35:34Z" name="validaLoginValido" finished-at="2020-05-17T17:35:39Z" duration-ms="4909" status="PASS">
          <reporter-output>
          </reporter-output>
        </test-method> <!-- validaLoginValido -->
        <test-method is-config="true" signature="fecharNavegadores()[pri:0, instance:suitetest.SignIn_RegisterSuiteTest@383bfa16]" started-at="2020-05-17T17:35:39Z" name="fecharNavegadores" finished-at="2020-05-17T17:35:39Z" duration-ms="716" status="PASS">
          <reporter-output>
          </reporter-output>
        </test-method> <!-- fecharNavegadores -->
      </class> <!-- suitetest.SignIn_RegisterSuiteTest -->
      <class name="suitetest.SearchSuiteTest">
        <test-method is-config="true" signature="iniciaDriver()[pri:0, instance:suitetest.SearchSuiteTest@32b260fa]" started-at="2020-05-17T17:31:48Z" name="iniciaDriver" finished-at="2020-05-17T17:31:59Z" duration-ms="10929" status="PASS">
          <reporter-output>
          </reporter-output>
        </test-method> <!-- iniciaDriver -->
        <test-method signature="validaBusca()[pri:0, instance:suitetest.SearchSuiteTest@32b260fa]" started-at="2020-05-17T17:31:59Z" name="validaBusca" finished-at="2020-05-17T17:32:01Z" duration-ms="1964" status="PASS">
          <reporter-output>
          </reporter-output>
        </test-method> <!-- validaBusca -->
        <test-method is-config="true" signature="iniciaDriver()[pri:0, instance:suitetest.SearchSuiteTest@32b260fa]" started-at="2020-05-17T17:32:01Z" name="iniciaDriver" finished-at="2020-05-17T17:32:14Z" duration-ms="12744" status="PASS">
          <reporter-output>
          </reporter-output>
        </test-method> <!-- iniciaDriver -->
        <test-method signature="validaBuscaComCampoVazio()[pri:0, instance:suitetest.SearchSuiteTest@32b260fa]" started-at="2020-05-17T17:32:14Z" name="validaBuscaComCampoVazio" finished-at="2020-05-17T17:32:17Z" duration-ms="3793" status="PASS">
          <reporter-output>
          </reporter-output>
        </test-method> <!-- validaBuscaComCampoVazio -->
        <test-method is-config="true" signature="iniciaDriver()[pri:0, instance:suitetest.SearchSuiteTest@32b260fa]" started-at="2020-05-17T17:32:17Z" name="iniciaDriver" finished-at="2020-05-17T17:32:30Z" duration-ms="12133" status="PASS">
          <reporter-output>
          </reporter-output>
        </test-method> <!-- iniciaDriver -->
        <test-method signature="validaBuscaComEnter()[pri:0, instance:suitetest.SearchSuiteTest@32b260fa]" started-at="2020-05-17T17:32:30Z" name="validaBuscaComEnter" finished-at="2020-05-17T17:32:32Z" duration-ms="1925" status="PASS">
          <reporter-output>
          </reporter-output>
        </test-method> <!-- validaBuscaComEnter -->
        <test-method is-config="true" signature="iniciaDriver()[pri:0, instance:suitetest.SearchSuiteTest@32b260fa]" started-at="2020-05-17T17:32:32Z" name="iniciaDriver" finished-at="2020-05-17T17:32:45Z" duration-ms="13143" status="PASS">
          <reporter-output>
          </reporter-output>
        </test-method> <!-- iniciaDriver -->
        <test-method signature="validaBuscaComPalavraSemResult()[pri:0, instance:suitetest.SearchSuiteTest@32b260fa]" started-at="2020-05-17T17:32:45Z" name="validaBuscaComPalavraSemResult" finished-at="2020-05-17T17:32:47Z" duration-ms="2011" status="PASS">
          <reporter-output>
          </reporter-output>
        </test-method> <!-- validaBuscaComPalavraSemResult -->
        <test-method is-config="true" signature="iniciaDriver()[pri:0, instance:suitetest.SearchSuiteTest@32b260fa]" started-at="2020-05-17T17:32:47Z" name="iniciaDriver" finished-at="2020-05-17T17:32:59Z" duration-ms="12297" status="PASS">
          <reporter-output>
          </reporter-output>
        </test-method> <!-- iniciaDriver -->
        <test-method signature="validaResultadosDaBusca()[pri:0, instance:suitetest.SearchSuiteTest@32b260fa]" started-at="2020-05-17T17:32:59Z" name="validaResultadosDaBusca" finished-at="2020-05-17T17:33:08Z" duration-ms="8756" status="FAIL">
          <exception class="java.lang.AssertionError">
            <message>
              <![CDATA[expected [false] but found [true]]]>
            </message>
            <full-stacktrace>
              <![CDATA[java.lang.AssertionError: expected [false] but found [true]
	at org.testng.Assert.fail(Assert.java:94)
	at org.testng.Assert.failNotEquals(Assert.java:494)
	at org.testng.Assert.assertFalse(Assert.java:63)
	at org.testng.Assert.assertFalse(Assert.java:73)
	at suitetest.SearchSuiteTest.validaResultadosDaBusca(SearchSuiteTest.java:214)
	at java.base/jdk.internal.reflect.NativeMethodAccessorImpl.invoke0(Native Method)
	at java.base/jdk.internal.reflect.NativeMethodAccessorImpl.invoke(NativeMethodAccessorImpl.java:62)
	at java.base/jdk.internal.reflect.DelegatingMethodAccessorImpl.invoke(DelegatingMethodAccessorImpl.java:43)
	at java.base/java.lang.reflect.Method.invoke(Method.java:567)
	at org.testng.internal.MethodInvocationHelper.invokeMethod(MethodInvocationHelper.java:80)
	at org.testng.internal.Invoker.invokeMethod(Invoker.java:714)
	at org.testng.internal.Invoker.invokeTestMethod(Invoker.java:901)
	at org.testng.internal.Invoker.invokeTestMethods(Invoker.java:1231)
	at org.testng.internal.TestMethodWorker.invokeTestMethods(TestMethodWorker.java:127)
	at org.testng.internal.TestMethodWorker.run(TestMethodWorker.java:111)
	at org.testng.TestRunner.privateRun(TestRunner.java:767)
	at org.testng.TestRunner.run(TestRunner.java:617)
	at org.testng.SuiteRunner.runTest(SuiteRunner.java:334)
	at org.testng.SuiteRunner.runSequentially(SuiteRunner.java:329)
	at org.testng.SuiteRunner.privateRun(SuiteRunner.java:291)
	at org.testng.SuiteRunner.run(SuiteRunner.java:240)
	at org.testng.SuiteRunnerWorker.runSuite(SuiteRunnerWorker.java:52)
	at org.testng.SuiteRunnerWorker.run(SuiteRunnerWorker.java:86)
	at org.testng.TestNG.runSuitesSequentially(TestNG.java:1198)
	at org.testng.TestNG.runSuitesLocally(TestNG.java:1123)
	at org.testng.TestNG.run(TestNG.java:1031)
	at org.apache.maven.surefire.testng.TestNGExecutor.run(TestNGExecutor.java:283)
	at org.apache.maven.surefire.testng.TestNGXmlTestSuite.execute(TestNGXmlTestSuite.java:75)
	at org.apache.maven.surefire.testng.TestNGProvider.invoke(TestNGProvider.java:120)
	at org.apache.maven.surefire.booter.ForkedBooter.runSuitesInProcess(ForkedBooter.java:377)
	at org.apache.maven.surefire.booter.ForkedBooter.execute(ForkedBooter.java:138)
	at org.apache.maven.surefire.booter.ForkedBooter.run(ForkedBooter.java:465)
	at org.apache.maven.surefire.booter.ForkedBooter.main(ForkedBooter.java:451)
]]>
            </full-stacktrace>
          </exception> <!-- java.lang.AssertionError -->
          <reporter-output>
          </reporter-output>
        </test-method> <!-- validaResultadosDaBusca -->
        <test-method is-config="true" signature="fecharNavegadores()[pri:0, instance:suitetest.SearchSuiteTest@32b260fa]" started-at="2020-05-17T17:33:08Z" name="fecharNavegadores" finished-at="2020-05-17T17:33:08Z" duration-ms="700" status="PASS">
          <reporter-output>
          </reporter-output>
        </test-method> <!-- fecharNavegadores -->
      </class> <!-- suitetest.SearchSuiteTest -->
    </test> <!-- Validando funcionalidades -->
  </suite> <!-- Suite -->
</testng-results>
